<?xml version="1.0" encoding="UTF-8"?>
<!-- Generated by org.testng.reporters.JUnitReportReporter -->
<testsuite hostname="DESKTOP-6ITAQL4" failures="0" tests="7" name="APIevaluation.Beeceptors1" time="4.971" errors="0" timestamp="2024-07-15T16:40:11 IST" skipped="6">
  <testcase classname="APIevaluation.Beeceptors1" name="get2" time="4.971"/>
  <system-out/>
  <testcase classname="APIevaluation.Beeceptors1" name="post3">
    <skipped/>
  </testcase> <!-- post3 -->
  <system-out/>
  <testcase classname="APIevaluation.Beeceptors1" name="get">
    <skipped/>
  </testcase> <!-- get -->
  <system-out/>
  <testcase classname="APIevaluation.Beeceptors1" name="post2">
    <skipped/>
  </testcase> <!-- post2 -->
  <system-out/>
  <testcase classname="APIevaluation.Beeceptors1" name="post4">
    <skipped/>
  </testcase> <!-- post4 -->
  <system-out/>
  <testcase classname="APIevaluation.Beeceptors1" name="post1">
    <skipped/>
  </testcase> <!-- post1 -->
  <system-out/>
  <testcase classname="APIevaluation.Beeceptors1" name="get1">
    <skipped/>
  </testcase> <!-- get1 -->
  <system-out/>
</testsuite> <!-- APIevaluation.Beeceptors1 -->
